<?xml version="1.0" encoding="UTF-8"?>
<!-- Generated by org.testng.reporters.JUnitXMLReporter -->
<testsuite ignored="0" hostname="LAPTOP-Q4LION55" failures="0" tests="11" name="Default test" time="4.154" errors="0" timestamp="2022-04-05T09:12:59 IST">
  <testcase classname="tests.AddBookAPI" name="addBooks" time="1.635"/>
  <testcase classname="tests.AddBookAPI" name="addBooks" time="0.159"/>
  <testcase classname="tests.AddBookAPI" name="addBooks" time="0.142"/>
  <testcase classname="tests.AddBookAPI" name="addBooks" time="0.165"/>
  <testcase classname="tests.AddBookAPI" name="addBooks" time="0.15"/>
  <testcase classname="tests.AddBookAPI" name="addBooks" time="0.16"/>
  <testcase classname="tests.AddBookAPI" name="addBooks" time="0.148"/>
  <testcase classname="tests.AddBookAPI" name="addBooks" time="0.438"/>
  <testcase classname="tests.AddBookAPI" name="addBooks" time="0.173"/>
  <testcase classname="tests.AddBookAPI" name="addBooks" time="0.354"/>
  <testcase classname="tests.AddBookAPI" name="addBooks" time="0.164"/>
</testsuite> <!-- Default test -->
