<?xml version="1.0" encoding="UTF-8"?>
<testng-results ignored="0" total="11" passed="11" failed="0" skipped="0">
  <reporter-output>
  </reporter-output>
  <suite started-at="2022-04-05T09:12:55 IST" name="Default suite" finished-at="2022-04-05T09:12:59 IST" duration-ms="4154">
    <groups>
    </groups>
    <test started-at="2022-04-05T09:12:55 IST" name="Default test" finished-at="2022-04-05T09:12:59 IST" duration-ms="4154">
      <class name="tests.AddBookAPI">
        <test-method signature="addBooks(java.lang.String,java.lang.String)[pri:0, instance:tests.AddBookAPI@28f3b248]" started-at="2022-04-05T09:12:55 IST" name="addBooks" data-provider="GetBooksFromExcel" finished-at="2022-04-05T09:12:57 IST" duration-ms="1635" status="PASS">
          <params>
            <param index="0">
              <value>
                <![CDATA[ExcelDemo1]]>
              </value>
            </param>
            <param index="1">
              <value>
                <![CDATA[CodeDemo1]]>
              </value>
            </param>
          </params>
          <reporter-output>
          </reporter-output>
        </test-method> <!-- addBooks -->
        <test-method signature="addBooks(java.lang.String,java.lang.String)[pri:0, instance:tests.AddBookAPI@28f3b248]" started-at="2022-04-05T09:12:57 IST" name="addBooks" data-provider="GetBooksFromExcel" finished-at="2022-04-05T09:12:57 IST" duration-ms="159" status="PASS">
          <params>
            <param index="0">
              <value>
                <![CDATA[ExcelDemo2]]>
              </value>
            </param>
            <param index="1">
              <value>
                <![CDATA[CodeDemo2]]>
              </value>
            </param>
          </params>
          <reporter-output>
          </reporter-output>
        </test-method> <!-- addBooks -->
        <test-method signature="addBooks(java.lang.String,java.lang.String)[pri:0, instance:tests.AddBookAPI@28f3b248]" started-at="2022-04-05T09:12:57 IST" name="addBooks" data-provider="GetBooksFromExcel" finished-at="2022-04-05T09:12:57 IST" duration-ms="142" status="PASS">
          <params>
            <param index="0">
              <value>
                <![CDATA[ExcelDemo3]]>
              </value>
            </param>
            <param index="1">
              <value>
                <![CDATA[CodeDemo3]]>
              </value>
            </param>
          </params>
          <reporter-output>
          </reporter-output>
        </test-method> <!-- addBooks -->
        <test-method signature="addBooks(java.lang.String,java.lang.String)[pri:0, instance:tests.AddBookAPI@28f3b248]" started-at="2022-04-05T09:12:57 IST" name="addBooks" data-provider="GetBooksFromExcel" finished-at="2022-04-05T09:12:57 IST" duration-ms="165" status="PASS">
          <params>
            <param index="0">
              <value>
                <![CDATA[ExcelDemo4]]>
              </value>
            </param>
            <param index="1">
              <value>
                <![CDATA[CodeDemo4]]>
              </value>
            </param>
          </params>
          <reporter-output>
          </reporter-output>
        </test-method> <!-- addBooks -->
        <test-method signature="addBooks(java.lang.String,java.lang.String)[pri:0, instance:tests.AddBookAPI@28f3b248]" started-at="2022-04-05T09:12:57 IST" name="addBooks" data-provider="GetBooksFromExcel" finished-at="2022-04-05T09:12:57 IST" duration-ms="150" status="PASS">
          <params>
            <param index="0">
              <value>
                <![CDATA[ExcelDemo5]]>
              </value>
            </param>
            <param index="1">
              <value>
                <![CDATA[CodeDemo5]]>
              </value>
            </param>
          </params>
          <reporter-output>
          </reporter-output>
        </test-method> <!-- addBooks -->
        <test-method signature="addBooks(java.lang.String,java.lang.String)[pri:0, instance:tests.AddBookAPI@28f3b248]" started-at="2022-04-05T09:12:57 IST" name="addBooks" data-provider="GetBooksFromExcel" finished-at="2022-04-05T09:12:58 IST" duration-ms="160" status="PASS">
          <params>
            <param index="0">
              <value>
                <![CDATA[ExcelDemo6]]>
              </value>
            </param>
            <param index="1">
              <value>
                <![CDATA[CodeDemo6]]>
              </value>
            </param>
          </params>
          <reporter-output>
          </reporter-output>
        </test-method> <!-- addBooks -->
        <test-method signature="addBooks(java.lang.String,java.lang.String)[pri:0, instance:tests.AddBookAPI@28f3b248]" started-at="2022-04-05T09:12:58 IST" name="addBooks" data-provider="GetBooksFromExcel" finished-at="2022-04-05T09:12:58 IST" duration-ms="148" status="PASS">
          <params>
            <param index="0">
              <value>
                <![CDATA[ExcelDemo7]]>
              </value>
            </param>
            <param index="1">
              <value>
                <![CDATA[CodeDemo7]]>
              </value>
            </param>
          </params>
          <reporter-output>
          </reporter-output>
        </test-method> <!-- addBooks -->
        <test-method signature="addBooks(java.lang.String,java.lang.String)[pri:0, instance:tests.AddBookAPI@28f3b248]" started-at="2022-04-05T09:12:58 IST" name="addBooks" data-provider="GetBooksFromExcel" finished-at="2022-04-05T09:12:58 IST" duration-ms="438" status="PASS">
          <params>
            <param index="0">
              <value>
                <![CDATA[ExcelDemo8]]>
              </value>
            </param>
            <param index="1">
              <value>
                <![CDATA[CodeDemo8]]>
              </value>
            </param>
          </params>
          <reporter-output>
          </reporter-output>
        </test-method> <!-- addBooks -->
        <test-method signature="addBooks(java.lang.String,java.lang.String)[pri:0, instance:tests.AddBookAPI@28f3b248]" started-at="2022-04-05T09:12:58 IST" name="addBooks" data-provider="GetBooksFromExcel" finished-at="2022-04-05T09:12:58 IST" duration-ms="173" status="PASS">
          <params>
            <param index="0">
              <value>
                <![CDATA[ExcelDemo9]]>
              </value>
            </param>
            <param index="1">
              <value>
                <![CDATA[CodeDemo9]]>
              </value>
            </param>
          </params>
          <reporter-output>
          </reporter-output>
        </test-method> <!-- addBooks -->
        <test-method signature="addBooks(java.lang.String,java.lang.String)[pri:0, instance:tests.AddBookAPI@28f3b248]" started-at="2022-04-05T09:12:58 IST" name="addBooks" data-provider="GetBooksFromExcel" finished-at="2022-04-05T09:12:59 IST" duration-ms="354" status="PASS">
          <params>
            <param index="0">
              <value>
                <![CDATA[ExcelDemo10]]>
              </value>
            </param>
            <param index="1">
              <value>
                <![CDATA[CodeDemo10]]>
              </value>
            </param>
          </params>
          <reporter-output>
          </reporter-output>
        </test-method> <!-- addBooks -->
        <test-method signature="addBooks(java.lang.String,java.lang.String)[pri:0, instance:tests.AddBookAPI@28f3b248]" started-at="2022-04-05T09:12:59 IST" name="addBooks" data-provider="GetBooksFromExcel" finished-at="2022-04-05T09:12:59 IST" duration-ms="164" status="PASS">
          <params>
            <param index="0">
              <value>
                <![CDATA[ExcelDemo11]]>
              </value>
            </param>
            <param index="1">
              <value>
                <![CDATA[CodeDemo11]]>
              </value>
            </param>
          </params>
          <reporter-output>
          </reporter-output>
        </test-method> <!-- addBooks -->
      </class> <!-- tests.AddBookAPI -->
    </test> <!-- Default test -->
  </suite> <!-- Default suite -->
</testng-results>
